Failed to load resource: net::ERR_FILE_NOT_FOUND
<box top='118' left='1270' width='128' height='168'/>
<image file='Capture1.PNG'>
<box top='67' left='950' width='85' height='69'/>
</image>
<image file='Capture2.PNG'>
<box top='221' left='1748' width='73' height='70'/>
</image>
<image file='Capture3.PNG'>
<box top='147' left='1230' width='85' height='81'/>
</image>
<image file='Capture4.PNG'>
<box top='240' left='1487' width='111' height='112'/>
</image>
<image file='Capture5.PNG'>
<box top='86' left='1536' width='98' height='100'/>
</image>
<image file='Capture6.PNG'>
<box top='178' left='940' width='96' height='84'/>
</image>
<image file='Capture7.PNG'>
<box top='206' left='1611' width='116' height='100'/>
</image>
<image file='Capture8.PNG'>
<box top='436' left='314' width='130' height='132'/>
<box top='568' left='306' width='134' height='126'/>
</image>
<image file='Capture9.PNG'>
<box top='82' left='36' width='112' height='121'/>
<box top='200' left='42' width='113' height='116'/>
</image>
<image file='Capture10.PNG'>
<box top='198' left='947' width='123' height='96'/>
</image>
<image file='Capture.PNG'>
